0 info it worked if it ends with ok
1 verbose cli [ '/Users/ryota/.nvm/versions/node/v6.1.0/bin/node',
1 verbose cli   '/Users/ryota/.nvm/versions/node/v6.1.0/bin/npm',
1 verbose cli   'run',
1 verbose cli   'webpack',
1 verbose cli   '--',
1 verbose cli   '--w' ]
2 info using npm@3.10.8
3 info using node@v6.1.0
4 verbose run-script [ 'prewebpack', 'webpack', 'postwebpack' ]
5 info lifecycle ts-project-template@1.0.0~prewebpack: ts-project-template@1.0.0
6 silly lifecycle ts-project-template@1.0.0~prewebpack: no script for prewebpack, continuing
7 info lifecycle ts-project-template@1.0.0~webpack: ts-project-template@1.0.0
8 verbose lifecycle ts-project-template@1.0.0~webpack: unsafe-perm in lifecycle true
9 verbose lifecycle ts-project-template@1.0.0~webpack: PATH: /Users/ryota/.nvm/versions/node/v6.1.0/lib/node_modules/npm/bin/node-gyp-bin:/Users/ryota/ts/template/node_modules/.bin:/Users/ryota/Downloads/google-cloud-sdk/bin:/Users/ryota/.nvm/versions/node/v6.1.0/bin:/Users/ryota/.crenv/shims:/opt/local/bin:/opt/local/sbin:/Users/ryota/.crenv/bin:/usr/local/bin:/usr/local/sbin:/usr/bin:/bin:/usr/sbin:/sbin:/Users/ryota/appengine:/Users/ryota/elm:/usr/local/bin/stack:/users/ryota/go/bin:/Users/ryota/.rsvm/current/dist/bin:/Users/ryota/.rvm/bin
10 verbose lifecycle ts-project-template@1.0.0~webpack: CWD: /Users/ryota/ts/template
11 silly lifecycle ts-project-template@1.0.0~webpack: Args: [ '-c', 'webpack --config webpack.config.js "--w"' ]
12 silly lifecycle ts-project-template@1.0.0~webpack: Returned: code: 1  signal: null
13 info lifecycle ts-project-template@1.0.0~webpack: Failed to exec webpack script
14 verbose stack Error: ts-project-template@1.0.0 webpack: `webpack --config webpack.config.js "--w"`
14 verbose stack Exit status 1
14 verbose stack     at EventEmitter.<anonymous> (/Users/ryota/.nvm/versions/node/v6.1.0/lib/node_modules/npm/lib/utils/lifecycle.js:255:16)
14 verbose stack     at emitTwo (events.js:106:13)
14 verbose stack     at EventEmitter.emit (events.js:191:7)
14 verbose stack     at ChildProcess.<anonymous> (/Users/ryota/.nvm/versions/node/v6.1.0/lib/node_modules/npm/lib/utils/spawn.js:40:14)
14 verbose stack     at emitTwo (events.js:106:13)
14 verbose stack     at ChildProcess.emit (events.js:191:7)
14 verbose stack     at maybeClose (internal/child_process.js:850:16)
14 verbose stack     at Process.ChildProcess._handle.onexit (internal/child_process.js:215:5)
15 verbose pkgid ts-project-template@1.0.0
16 verbose cwd /Users/ryota/ts/template
17 error Darwin 16.0.0
18 error argv "/Users/ryota/.nvm/versions/node/v6.1.0/bin/node" "/Users/ryota/.nvm/versions/node/v6.1.0/bin/npm" "run" "webpack" "--" "--w"
19 error node v6.1.0
20 error npm  v3.10.8
21 error code ELIFECYCLE
22 error ts-project-template@1.0.0 webpack: `webpack --config webpack.config.js "--w"`
22 error Exit status 1
23 error Failed at the ts-project-template@1.0.0 webpack script 'webpack --config webpack.config.js "--w"'.
23 error Make sure you have the latest version of node.js and npm installed.
23 error If you do, this is most likely a problem with the ts-project-template package,
23 error not with npm itself.
23 error Tell the author that this fails on your system:
23 error     webpack --config webpack.config.js "--w"
23 error You can get information on how to open an issue for this project with:
23 error     npm bugs ts-project-template
23 error Or if that isn't available, you can get their info via:
23 error     npm owner ls ts-project-template
23 error There is likely additional logging output above.
24 verbose exit [ 1, true ]
